INFO 2023-04-14 13:01:46 FaceAlignModelLoader.py: 18] Start to analyze the face landmark model, model path: models, model category: face_alignment，model name: face_alignment_1.0
INFO 2023-04-14 13:01:46 BaseModelLoader.py: 34] Successfully parsed the model configuration file meta.json!
INFO 2023-04-14 13:01:47 FaceAlignModelLoader.py: 31] Successfully loaded the face landmark model!
DEBUG 2023-04-14 13:01:47 PngImagePlugin.py: 202] STREAM b'IHDR' 16 13
DEBUG 2023-04-14 13:01:47 PngImagePlugin.py: 202] STREAM b'IDAT' 41 802
DEBUG 2023-04-14 13:01:47 PngImagePlugin.py: 202] STREAM b'IHDR' 16 13
DEBUG 2023-04-14 13:01:47 PngImagePlugin.py: 202] STREAM b'IDAT' 41 8192
DEBUG 2023-04-14 13:01:47 PngImagePlugin.py: 202] STREAM b'IHDR' 16 13
DEBUG 2023-04-14 13:01:47 PngImagePlugin.py: 202] STREAM b'IDAT' 41 8192
DEBUG 2023-04-14 13:01:47 PngImagePlugin.py: 202] STREAM b'IHDR' 16 13
DEBUG 2023-04-14 13:01:47 PngImagePlugin.py: 202] STREAM b'pHYs' 41 9
DEBUG 2023-04-14 13:01:47 PngImagePlugin.py: 202] STREAM b'cHRM' 62 32
DEBUG 2023-04-14 13:01:47 PngImagePlugin.py: 202] STREAM b'IDAT' 106 12802
DEBUG 2023-04-14 13:01:47 PngImagePlugin.py: 202] STREAM b'IHDR' 16 13
DEBUG 2023-04-14 13:01:47 PngImagePlugin.py: 202] STREAM b'IDAT' 41 8192
DEBUG 2023-04-14 13:01:47 PngImagePlugin.py: 202] STREAM b'IHDR' 16 13
DEBUG 2023-04-14 13:01:47 PngImagePlugin.py: 202] STREAM b'IDAT' 41 8192
DEBUG 2023-04-14 13:01:47 PngImagePlugin.py: 202] STREAM b'IHDR' 16 13
DEBUG 2023-04-14 13:01:47 PngImagePlugin.py: 202] STREAM b'IDAT' 41 8192
DEBUG 2023-04-14 13:01:47 PngImagePlugin.py: 202] STREAM b'IHDR' 16 13
DEBUG 2023-04-14 13:01:47 PngImagePlugin.py: 202] STREAM b'pHYs' 41 9
DEBUG 2023-04-14 13:01:47 PngImagePlugin.py: 202] STREAM b'cHRM' 62 32
DEBUG 2023-04-14 13:01:47 PngImagePlugin.py: 202] STREAM b'IDAT' 106 44292
DEBUG 2023-04-14 13:01:47 PngImagePlugin.py: 202] STREAM b'IHDR' 16 13
DEBUG 2023-04-14 13:01:47 PngImagePlugin.py: 202] STREAM b'IDAT' 41 8192
DEBUG 2023-04-14 13:01:47 PngImagePlugin.py: 202] STREAM b'IHDR' 16 13
DEBUG 2023-04-14 13:01:47 PngImagePlugin.py: 202] STREAM b'pHYs' 41 9
DEBUG 2023-04-14 13:01:47 PngImagePlugin.py: 202] STREAM b'cHRM' 62 32
DEBUG 2023-04-14 13:01:47 PngImagePlugin.py: 202] STREAM b'IDAT' 106 11295
DEBUG 2023-04-14 13:01:47 PngImagePlugin.py: 202] STREAM b'IHDR' 16 13
DEBUG 2023-04-14 13:01:47 PngImagePlugin.py: 202] STREAM b'IDAT' 41 8192
DEBUG 2023-04-14 13:01:47 PngImagePlugin.py: 202] STREAM b'IHDR' 16 13
DEBUG 2023-04-14 13:01:47 PngImagePlugin.py: 202] STREAM b'IDAT' 41 8192
WARNING 2023-04-14 13:01:47 util.py: 42] Lossy conversion from float64 to uint8. Range [0, 1]. Convert image to uint8 prior to saving to suppress this warning.
INFO 2023-04-14 13:01:47 FaceDetModelLoader.py: 18] Start to analyze the face detection model, model path: models, model category: face_detection，model name: face_detection_1.0
INFO 2023-04-14 13:01:47 BaseModelLoader.py: 34] Successfully parsed the model configuration file meta.json!
INFO 2023-04-14 13:01:47 FaceDetModelLoader.py: 36] Successfully loaded the face detection model!
INFO 2023-04-14 13:01:47 FaceAlignModelLoader.py: 18] Start to analyze the face landmark model, model path: models, model category: face_alignment，model name: face_alignment_1.0
INFO 2023-04-14 13:01:47 BaseModelLoader.py: 34] Successfully parsed the model configuration file meta.json!
INFO 2023-04-14 13:01:47 FaceAlignModelLoader.py: 31] Successfully loaded the face landmark model!
DEBUG 2023-04-14 13:01:48 PngImagePlugin.py: 202] STREAM b'IHDR' 16 13
DEBUG 2023-04-14 13:01:48 PngImagePlugin.py: 202] STREAM b'IDAT' 41 802
DEBUG 2023-04-14 13:01:48 PngImagePlugin.py: 202] STREAM b'IHDR' 16 13
DEBUG 2023-04-14 13:01:48 PngImagePlugin.py: 202] STREAM b'IDAT' 41 8192
DEBUG 2023-04-14 13:01:48 PngImagePlugin.py: 202] STREAM b'IHDR' 16 13
DEBUG 2023-04-14 13:01:48 PngImagePlugin.py: 202] STREAM b'IDAT' 41 8192
DEBUG 2023-04-14 13:01:48 PngImagePlugin.py: 202] STREAM b'IHDR' 16 13
DEBUG 2023-04-14 13:01:48 PngImagePlugin.py: 202] STREAM b'pHYs' 41 9
DEBUG 2023-04-14 13:01:48 PngImagePlugin.py: 202] STREAM b'cHRM' 62 32
DEBUG 2023-04-14 13:01:48 PngImagePlugin.py: 202] STREAM b'IDAT' 106 12802
DEBUG 2023-04-14 13:01:48 PngImagePlugin.py: 202] STREAM b'IHDR' 16 13
DEBUG 2023-04-14 13:01:48 PngImagePlugin.py: 202] STREAM b'IDAT' 41 8192
DEBUG 2023-04-14 13:01:48 PngImagePlugin.py: 202] STREAM b'IHDR' 16 13
DEBUG 2023-04-14 13:01:48 PngImagePlugin.py: 202] STREAM b'IDAT' 41 8192
DEBUG 2023-04-14 13:01:48 PngImagePlugin.py: 202] STREAM b'IHDR' 16 13
DEBUG 2023-04-14 13:01:48 PngImagePlugin.py: 202] STREAM b'IDAT' 41 8192
DEBUG 2023-04-14 13:01:48 PngImagePlugin.py: 202] STREAM b'IHDR' 16 13
DEBUG 2023-04-14 13:01:48 PngImagePlugin.py: 202] STREAM b'pHYs' 41 9
DEBUG 2023-04-14 13:01:48 PngImagePlugin.py: 202] STREAM b'cHRM' 62 32
DEBUG 2023-04-14 13:01:48 PngImagePlugin.py: 202] STREAM b'IDAT' 106 44292
DEBUG 2023-04-14 13:01:48 PngImagePlugin.py: 202] STREAM b'IHDR' 16 13
DEBUG 2023-04-14 13:01:48 PngImagePlugin.py: 202] STREAM b'IDAT' 41 8192
DEBUG 2023-04-14 13:01:48 PngImagePlugin.py: 202] STREAM b'IHDR' 16 13
DEBUG 2023-04-14 13:01:48 PngImagePlugin.py: 202] STREAM b'pHYs' 41 9
DEBUG 2023-04-14 13:01:48 PngImagePlugin.py: 202] STREAM b'cHRM' 62 32
DEBUG 2023-04-14 13:01:48 PngImagePlugin.py: 202] STREAM b'IDAT' 106 11295
DEBUG 2023-04-14 13:01:48 PngImagePlugin.py: 202] STREAM b'IHDR' 16 13
DEBUG 2023-04-14 13:01:48 PngImagePlugin.py: 202] STREAM b'IDAT' 41 8192
DEBUG 2023-04-14 13:01:48 PngImagePlugin.py: 202] STREAM b'IHDR' 16 13
DEBUG 2023-04-14 13:01:48 PngImagePlugin.py: 202] STREAM b'IDAT' 41 8192
WARNING 2023-04-14 13:01:48 util.py: 42] Lossy conversion from float64 to uint8. Range [0, 1]. Convert image to uint8 prior to saving to suppress this warning.
INFO 2023-04-14 13:01:48 FaceDetModelLoader.py: 18] Start to analyze the face detection model, model path: models, model category: face_detection，model name: face_detection_1.0
INFO 2023-04-14 13:01:48 BaseModelLoader.py: 34] Successfully parsed the model configuration file meta.json!
INFO 2023-04-14 13:01:48 FaceDetModelLoader.py: 36] Successfully loaded the face detection model!
INFO 2023-04-14 13:01:48 FaceAlignModelLoader.py: 18] Start to analyze the face landmark model, model path: models, model category: face_alignment，model name: face_alignment_1.0
INFO 2023-04-14 13:01:48 BaseModelLoader.py: 34] Successfully parsed the model configuration file meta.json!
INFO 2023-04-14 13:01:48 FaceAlignModelLoader.py: 31] Successfully loaded the face landmark model!
DEBUG 2023-04-14 13:01:48 PngImagePlugin.py: 202] STREAM b'IHDR' 16 13
DEBUG 2023-04-14 13:01:48 PngImagePlugin.py: 202] STREAM b'IDAT' 41 802
DEBUG 2023-04-14 13:01:48 PngImagePlugin.py: 202] STREAM b'IHDR' 16 13
DEBUG 2023-04-14 13:01:48 PngImagePlugin.py: 202] STREAM b'IDAT' 41 8192
DEBUG 2023-04-14 13:01:48 PngImagePlugin.py: 202] STREAM b'IHDR' 16 13
DEBUG 2023-04-14 13:01:48 PngImagePlugin.py: 202] STREAM b'IDAT' 41 8192
DEBUG 2023-04-14 13:01:48 PngImagePlugin.py: 202] STREAM b'IHDR' 16 13
DEBUG 2023-04-14 13:01:48 PngImagePlugin.py: 202] STREAM b'pHYs' 41 9
DEBUG 2023-04-14 13:01:48 PngImagePlugin.py: 202] STREAM b'cHRM' 62 32
DEBUG 2023-04-14 13:01:48 PngImagePlugin.py: 202] STREAM b'IDAT' 106 12802
DEBUG 2023-04-14 13:01:48 PngImagePlugin.py: 202] STREAM b'IHDR' 16 13
DEBUG 2023-04-14 13:01:48 PngImagePlugin.py: 202] STREAM b'IDAT' 41 8192
DEBUG 2023-04-14 13:01:48 PngImagePlugin.py: 202] STREAM b'IHDR' 16 13
DEBUG 2023-04-14 13:01:48 PngImagePlugin.py: 202] STREAM b'IDAT' 41 8192
DEBUG 2023-04-14 13:01:48 PngImagePlugin.py: 202] STREAM b'IHDR' 16 13
DEBUG 2023-04-14 13:01:48 PngImagePlugin.py: 202] STREAM b'IDAT' 41 8192
DEBUG 2023-04-14 13:01:48 PngImagePlugin.py: 202] STREAM b'IHDR' 16 13
DEBUG 2023-04-14 13:01:48 PngImagePlugin.py: 202] STREAM b'pHYs' 41 9
DEBUG 2023-04-14 13:01:48 PngImagePlugin.py: 202] STREAM b'cHRM' 62 32
DEBUG 2023-04-14 13:01:48 PngImagePlugin.py: 202] STREAM b'IDAT' 106 44292
DEBUG 2023-04-14 13:01:48 PngImagePlugin.py: 202] STREAM b'IHDR' 16 13
DEBUG 2023-04-14 13:01:48 PngImagePlugin.py: 202] STREAM b'IDAT' 41 8192
DEBUG 2023-04-14 13:01:48 PngImagePlugin.py: 202] STREAM b'IHDR' 16 13
DEBUG 2023-04-14 13:01:48 PngImagePlugin.py: 202] STREAM b'pHYs' 41 9
DEBUG 2023-04-14 13:01:48 PngImagePlugin.py: 202] STREAM b'cHRM' 62 32
DEBUG 2023-04-14 13:01:48 PngImagePlugin.py: 202] STREAM b'IDAT' 106 11295
DEBUG 2023-04-14 13:01:48 PngImagePlugin.py: 202] STREAM b'IHDR' 16 13
DEBUG 2023-04-14 13:01:48 PngImagePlugin.py: 202] STREAM b'IDAT' 41 8192
DEBUG 2023-04-14 13:01:48 PngImagePlugin.py: 202] STREAM b'IHDR' 16 13
DEBUG 2023-04-14 13:01:48 PngImagePlugin.py: 202] STREAM b'IDAT' 41 8192
WARNING 2023-04-14 13:01:49 util.py: 42] Lossy conversion from float64 to uint8. Range [0, 1]. Convert image to uint8 prior to saving to suppress this warning.
